Job ID: 65416
Job Name: cnn_training
Node: b-31-1
GPU: 0
Start Time: Sun Sep 28 07:44:36 PM EDT 2025
Working Directory: /scratch/cx2275
Starting Singularity container...
Python version: Python 3.10.18
PyTorch version: 2.6.0
CUDA available: True
GPU count: 1
GPU name: NVIDIA L4
==========================
Running tests...
Device: cuda
Training set: torch.Size([48000, 1, 28, 28]), torch.Size([48000])
Validation set: torch.Size([12000, 1, 28, 28]), torch.Size([12000])
Test set: torch.Size([10000, 1, 28, 28]), torch.Size([10000])
Devict: cuda

[Linear] forward/backward numeric grad...
  max |dL/dx (num - analytic)|: 6.458163261413574e-05
  max |dL/dW (num - analytic)|: 5.84721565246582e-05
  max |dL/db (num - analytic)|: 0.00011307001113891602
  PASS

[ReLU] forward/backward numeric grad...
  max |dL/dx| diff: 0.00018703937530517578
  PASS

[CrossEntropy] forward/backward numeric grad wrt logits...
  max |dL/dlogits| diff: 0.00014224275946617126
  PASS

[Conv2D] forward shape check...
  PASS

[Conv2D] backward numeric grads (sampled)...
  max |dL/dx| diff: 0.0005117803812026978
  max |dL/dW| diff: 0.0006861686706542969
  PASS

[MaxPool2D] forward vs F.max_pool2d...
  max |y - y_ref|: 0.0
  PASS

[MaxPool2D] backward numeric grads...
  max |dL/dx| diff: 4.225969314575195e-05
  PASS

[E2E] small CNN forward shape...
  PASS

[E2E] tiny training sanity: loss should drop...
  epoch1: loss=2.2131, acc=0.039
  epoch2: loss=1.9477, acc=0.266
  PASS

ALL TESTS PASSED (within numeric tolerances)
==========================
Tests completed. Starting CNN training...
